<?xml version="1.0" encoding="UTF-8"?>
<!-- Generated by org.testng.reporters.JUnitReportReporter -->
<testsuite hostname="DESKTOP-7MK4EF7" failures="0" tests="15" name="companyadmin.CompanyCount" time="1042.886" errors="0" timestamp="2023-05-28T17:34:11 IST" skipped="0">
  <testcase classname="companyadmin.CompanyCount" name="Login" time="21.291"/>
  <system-out/>
  <testcase classname="companyadmin.CompanyCount" name="UserDepartmentdis" time="39.333"/>
  <system-out/>
  <testcase classname="companyadmin.CompanyCount" name="ModifyAssignmentsDepartmentdis" time="30.526"/>
  <system-out/>
  <testcase classname="companyadmin.CompanyCount" name="modifyAssignmentsTask" time="81.396"/>
  <system-out/>
  <testcase classname="companyadmin.CompanyCount" name="modifyAssignmentsTaskIN" time="87.459"/>
  <system-out/>
  <testcase classname="companyadmin.CompanyCount" name="modifyAssignmentsCom" time="83.018"/>
  <system-out/>
  <testcase classname="companyadmin.CompanyCount" name="modifyAssignmentsComEB" time="89.045"/>
  <system-out/>
  <testcase classname="companyadmin.CompanyCount" name="modifyAssignmentsComChecklist" time="88.706"/>
  <system-out/>
  <testcase classname="companyadmin.CompanyCount" name="modifyAssignmentsComIN" time="83.621"/>
  <system-out/>
  <testcase classname="companyadmin.CompanyCount" name="modifyAssignmentsComINChecklist" time="88.742"/>
  <system-out/>
  <testcase classname="companyadmin.CompanyCount" name="modifyAssignmentsComExclude" time="64.907"/>
  <system-out/>
  <testcase classname="companyadmin.CompanyCount" name="modifyAssignmentsComExcludeEB" time="69.871"/>
  <system-out/>
  <testcase classname="companyadmin.CompanyCount" name="modifyAssignmentsComExcludeCL" time="70.039"/>
  <system-out/>
  <testcase classname="companyadmin.CompanyCount" name="modifyAssignmentsComExcludeIN" time="70.076"/>
  <system-out/>
  <testcase classname="companyadmin.CompanyCount" name="modifyAssignmentsComExcludeINCL" time="74.856"/>
  <system-out/>
</testsuite> <!-- companyadmin.CompanyCount -->
