<?xml version="1.0" encoding="UTF-8"?>
<!-- Generated by org.testng.reporters.JUnitReportReporter -->
<testsuite hostname="DESKTOP-7MK4EF7" failures="0" tests="2" name="approval.ApprovalcountInternal" time="101.617" errors="0" timestamp="2023-06-26T15:22:04 IST" skipped="0">
  <testcase classname="approval.ApprovalcountInternal" name="Login" time="38.121"/>
  <system-out/>
  <testcase classname="approval.ApprovalcountInternal" name="ClosedDelayed_PieChart" time="63.496"/>
  <system-out/>
</testsuite> <!-- approval.ApprovalcountInternal -->
