<?xml version="1.0" encoding="UTF-8"?>
<!-- Generated by org.testng.reporters.JUnitReportReporter -->
<testsuite hostname="DESKTOP-7MK4EF7" failures="0" tests="2" name="approval.ApprovalcountStatutory" time="231.244" errors="0" timestamp="2023-06-27T15:25:24 IST" skipped="0">
  <testcase classname="approval.ApprovalcountStatutory" name="Login" time="27.867"/>
  <system-out/>
  <testcase classname="approval.ApprovalcountStatutory" name="inProgress_PieChartPeriod" time="203.377"/>
  <system-out/>
</testsuite> <!-- approval.ApprovalcountStatutory -->
