<?xml version="1.0" encoding="UTF-8"?>
<!-- Generated by org.testng.reporters.JUnitReportReporter -->
<testsuite hostname="DESKTOP-7MK4EF7" failures="0" tests="3" name="implementation.ImplementCount" time="127.645" errors="0" timestamp="2023-06-23T13:52:46 IST" skipped="0">
  <testcase classname="implementation.ImplementCount" name="Login" time="11.653"/>
  <system-out/>
  <testcase classname="implementation.ImplementCount" name="GroupingofComplianceUploadValidCL" time="57.704"/>
  <system-out/>
  <testcase classname="implementation.ImplementCount" name="GroupingofComplianceUploadValidLL" time="58.288"/>
  <system-out/>
</testsuite> <!-- implementation.ImplementCount -->
