<?xml version="1.0" encoding="UTF-8"?>
<!-- Generated by org.testng.reporters.JUnitReportReporter -->
<testsuite hostname="DESKTOP-7MK4EF7" failures="0" tests="2" name="departmentHead.DeptcountStatutory" time="285.735" errors="0" timestamp="2023-06-23T17:21:44 IST" skipped="0">
  <testcase classname="departmentHead.DeptcountStatutory" name="Login" time="60.336"/>
  <system-out/>
  <testcase classname="departmentHead.DeptcountStatutory" name="NotApplicable_PieChart" time="225.399"/>
  <system-out/>
</testsuite> <!-- departmentHead.DeptcountStatutory -->
