<?xml version="1.0" encoding="UTF-8"?>
<!-- Generated by org.testng.reporters.JUnitReportReporter -->
<testsuite hostname="DESKTOP-7MK4EF7" failures="0" tests="14" name="departmentHead.DeptcountStatutory" time="769.404" errors="0" timestamp="2023-04-19T22:15:33 IST" skipped="0">
  <testcase classname="departmentHead.DeptcountStatutory" name="Login" time="38.230"/>
  <system-out/>
  <testcase classname="departmentHead.DeptcountStatutory" name="GradingReportStatutory" time="37.778"/>
  <system-out/>
  <testcase classname="departmentHead.DeptcountStatutory" name="complianceCalendar" time="35.626"/>
  <system-out/>
  <testcase classname="departmentHead.DeptcountStatutory" name="DailyUpdates" time="54.548"/>
  <system-out/>
  <testcase classname="departmentHead.DeptcountStatutory" name="DetailedReport" time="125.614"/>
  <system-out/>
  <testcase classname="departmentHead.DeptcountStatutory" name="ActRepository" time="38.359"/>
  <system-out/>
  <testcase classname="departmentHead.DeptcountStatutory" name="ComplianceDocuments" time="140.936"/>
  <system-out/>
  <testcase classname="departmentHead.DeptcountStatutory" name="CriticalDocuments" time="75.035"/>
  <system-out/>
  <testcase classname="departmentHead.DeptcountStatutory" name="ActDocuments" time="58.391"/>
  <system-out/>
  <testcase classname="departmentHead.DeptcountStatutory" name="MyReminderStatutory" time="42.860"/>
  <system-out/>
  <testcase classname="departmentHead.DeptcountStatutory" name="MyEscalation" time="40.179"/>
  <system-out/>
  <testcase classname="departmentHead.DeptcountStatutory" name="MessageCenter" time="41.237"/>
  <system-out/>
  <testcase classname="departmentHead.DeptcountStatutory" name="InternalMsg" time="24.135"/>
  <system-out/>
  <testcase classname="departmentHead.DeptcountStatutory" name="SupportTicket" time="16.476"/>
  <system-out/>
</testsuite> <!-- departmentHead.DeptcountStatutory -->
